c:\gametools\opgl\opengl\debug\vc142.pdb
c:\gametools\opgl\opengl\debug\vc142.idb
c:\gametools\opgl\opengl\debug\opengl.obj
c:\gametools\opgl\opengl\debug\opengl.exe
c:\gametools\opgl\opengl\debug\opengl.ilk
c:\gametools\opgl\opengl\debug\opengl.pdb
c:\gametools\opengl\debug\opengl.obj
c:\gametools\opengl\debug\opengl.ilk
c:\gametools\opengl\debug\nativecodeanalysis.read.1.tlog
c:\gametools\opengl\debug\vc142.idb
c:\gametools\opengl\debug\opengl.pdb
c:\gametools\opengl\debug\vc142.pdb
c:\gametools\opengl\debug\opengl.nativecodeanalysis.xml
c:\gametools\opengl\debug\vc.nativecodeanalysis.all.xml
c:\gametools\opengl\debug\opengl.exe
c:\gametools\opengl\debug\opengl.tlog\cl.command.1.tlog
c:\gametools\opengl\debug\opengl.tlog\cl.read.1.tlog
c:\gametools\opengl\debug\opengl.tlog\cl.write.1.tlog
c:\gametools\opengl\debug\opengl.tlog\link.command.1.tlog
c:\gametools\opengl\debug\opengl.tlog\link.read.1.tlog
c:\gametools\opengl\debug\opengl.tlog\link.write.1.tlog
